[2018-04-10 21:12:26.135] [jointLog] [info] parsing read library format
[2018-04-10 21:12:26.135] [jointLog] [info] There is 1 library.
[2018-04-10 21:12:48.895] [jointLog] [info] parsing read library format
[2018-04-10 21:12:48.895] [jointLog] [info] There is 1 library.
[2018-04-10 21:13:47.889] [jointLog] [info] parsing read library format
[2018-04-10 21:13:47.889] [jointLog] [info] There is 1 library.
[2018-04-10 21:49:14.527] [jointLog] [info] parsing read library format
[2018-04-10 21:49:14.527] [jointLog] [info] There is 1 library.
[2018-04-10 21:49:14.566] [jointLog] [info] Loading Quasi index
[2018-04-10 21:49:14.566] [jointLog] [info] Loading 32-bit quasi index
[2018-04-10 21:49:16.173] [jointLog] [info] done
[2018-04-10 21:49:16.173] [jointLog] [info] Index contained 48268 targets
[2018-04-10 21:49:16.463] [jointLog] [warning] Fragment GC bias correction is currently *experimental* in single-end libraries.  Please use this option with caution.
[2018-04-10 21:49:16.656] [jointLog] [info] Automatically detected most likely library type as SR
[2018-04-10 21:50:02.151] [fileLog] [info] 
At end of round 0
==================
Observed 21838656 total fragments (21838656 in most recent round)

[2018-04-10 21:50:02.151] [jointLog] [info] Computed 50300 rich equivalence classes for further processing
[2018-04-10 21:50:02.151] [jointLog] [info] Counted 19592972 total reads in the equivalence classes 
[2018-04-10 21:50:02.153] [jointLog] [info] Mapping rate = 89.7169%

[2018-04-10 21:50:02.153] [jointLog] [info] finished quantifyLibrary()
[2018-04-10 21:50:02.153] [jointLog] [info] Starting optimizer
[2018-04-10 21:50:02.171] [jointLog] [info] Marked 0 weighted equivalence classes as degenerate
[2018-04-10 21:50:02.172] [jointLog] [info] iteration = 0 | max rel diff. = 207.872
[2018-04-10 21:50:02.181] [jointLog] [info] iteration 11, adjusting effective lengths to account for biases
[2018-04-10 21:50:38.761] [jointLog] [info] Computed expected counts (for bias correction)
[2018-04-10 21:50:38.761] [jointLog] [info] processed bias for 0.0% of the transcripts
[2018-04-10 21:50:41.830] [jointLog] [info] processed bias for 10.0% of the transcripts
[2018-04-10 21:50:44.817] [jointLog] [info] processed bias for 20.0% of the transcripts
[2018-04-10 21:50:47.877] [jointLog] [info] processed bias for 30.0% of the transcripts
[2018-04-10 21:50:51.011] [jointLog] [info] processed bias for 40.0% of the transcripts
[2018-04-10 21:50:54.016] [jointLog] [info] processed bias for 50.0% of the transcripts
[2018-04-10 21:50:57.093] [jointLog] [info] processed bias for 60.0% of the transcripts
[2018-04-10 21:51:00.337] [jointLog] [info] processed bias for 70.0% of the transcripts
[2018-04-10 21:51:03.404] [jointLog] [info] processed bias for 80.0% of the transcripts
[2018-04-10 21:51:06.273] [jointLog] [info] processed bias for 100.0% of the transcripts
[2018-04-10 21:51:06.349] [jointLog] [info] iteration = 100 | max rel diff. = 0.116424
[2018-04-10 21:51:06.435] [jointLog] [info] iteration = 200 | max rel diff. = 0.0585876
[2018-04-10 21:51:06.521] [jointLog] [info] iteration = 300 | max rel diff. = 0.0467838
[2018-04-10 21:51:06.610] [jointLog] [info] iteration = 400 | max rel diff. = 0.0310904
[2018-04-10 21:51:06.693] [jointLog] [info] iteration = 500 | max rel diff. = 0.0231399
[2018-04-10 21:51:06.776] [jointLog] [info] iteration = 600 | max rel diff. = 0.0225003
[2018-04-10 21:51:06.862] [jointLog] [info] iteration = 700 | max rel diff. = 0.020697
[2018-04-10 21:51:06.944] [jointLog] [info] iteration = 800 | max rel diff. = 0.0138927
[2018-04-10 21:51:07.027] [jointLog] [info] iteration = 900 | max rel diff. = 0.0124957
[2018-04-10 21:51:07.111] [jointLog] [info] iteration = 1000 | max rel diff. = 0.0121405
[2018-04-10 21:51:07.197] [jointLog] [info] iteration = 1100 | max rel diff. = 0.0104916
[2018-04-10 21:51:07.205] [jointLog] [info] iteration = 1111 | max rel diff. = 0.00994005
[2018-04-10 21:51:07.206] [jointLog] [info] Finished optimizer
[2018-04-10 21:51:07.206] [jointLog] [info] writing output 

[2018-04-10 21:51:07.261] [jointLog] [warning] NOTE: Read Lib [reads/DRR016140_1.fastq.gz, reads/DRR016140_2.fastq.gz] :

Greater than 5% of the fragments disagreed with the provided library type; check the file: quants/40_quant/lib_format_counts.json for details

