[2018-04-10 21:12:25.810] [jointLog] [info] parsing read library format
[2018-04-10 21:12:25.810] [jointLog] [info] There is 1 library.
[2018-04-10 21:12:48.575] [jointLog] [info] parsing read library format
[2018-04-10 21:12:48.575] [jointLog] [info] There is 1 library.
[2018-04-10 21:13:47.573] [jointLog] [info] parsing read library format
[2018-04-10 21:13:47.573] [jointLog] [info] There is 1 library.
[2018-04-10 21:40:27.014] [jointLog] [info] parsing read library format
[2018-04-10 21:40:27.014] [jointLog] [info] There is 1 library.
[2018-04-10 21:40:27.050] [jointLog] [info] Loading Quasi index
[2018-04-10 21:40:27.050] [jointLog] [info] Loading 32-bit quasi index
[2018-04-10 21:40:28.664] [jointLog] [info] done
[2018-04-10 21:40:28.664] [jointLog] [info] Index contained 48268 targets
[2018-04-10 21:40:28.955] [jointLog] [warning] Fragment GC bias correction is currently *experimental* in single-end libraries.  Please use this option with caution.
[2018-04-10 21:40:29.173] [jointLog] [info] Automatically detected most likely library type as SR
[2018-04-10 21:41:55.790] [fileLog] [info] 
At end of round 0
==================
Observed 35142356 total fragments (35142356 in most recent round)

[2018-04-10 21:41:55.790] [jointLog] [info] Computed 54892 rich equivalence classes for further processing
[2018-04-10 21:41:55.790] [jointLog] [info] Counted 31779227 total reads in the equivalence classes 
[2018-04-10 21:41:55.793] [jointLog] [info] Mapping rate = 90.43%

[2018-04-10 21:41:55.793] [jointLog] [info] finished quantifyLibrary()
[2018-04-10 21:41:55.793] [jointLog] [info] Starting optimizer
[2018-04-10 21:41:55.814] [jointLog] [info] Marked 0 weighted equivalence classes as degenerate
[2018-04-10 21:41:55.815] [jointLog] [info] iteration = 0 | max rel diff. = 256.209
[2018-04-10 21:41:55.825] [jointLog] [info] iteration 11, adjusting effective lengths to account for biases
[2018-04-10 21:42:33.630] [jointLog] [info] Computed expected counts (for bias correction)
[2018-04-10 21:42:33.630] [jointLog] [info] processed bias for 0.0% of the transcripts
[2018-04-10 21:42:36.707] [jointLog] [info] processed bias for 10.0% of the transcripts
[2018-04-10 21:42:39.818] [jointLog] [info] processed bias for 20.0% of the transcripts
[2018-04-10 21:42:42.949] [jointLog] [info] processed bias for 30.0% of the transcripts
[2018-04-10 21:42:46.152] [jointLog] [info] processed bias for 40.0% of the transcripts
[2018-04-10 21:42:49.216] [jointLog] [info] processed bias for 50.0% of the transcripts
[2018-04-10 21:42:52.291] [jointLog] [info] processed bias for 60.0% of the transcripts
[2018-04-10 21:42:55.376] [jointLog] [info] processed bias for 70.0% of the transcripts
[2018-04-10 21:42:58.350] [jointLog] [info] processed bias for 80.0% of the transcripts
[2018-04-10 21:43:01.494] [jointLog] [info] processed bias for 90.0% of the transcripts
[2018-04-10 21:43:01.719] [jointLog] [info] processed bias for 100.0% of the transcripts
[2018-04-10 21:43:01.797] [jointLog] [info] iteration = 100 | max rel diff. = 0.118838
[2018-04-10 21:43:01.884] [jointLog] [info] iteration = 200 | max rel diff. = 0.0826885
[2018-04-10 21:43:01.974] [jointLog] [info] iteration = 300 | max rel diff. = 0.0469138
[2018-04-10 21:43:02.063] [jointLog] [info] iteration = 400 | max rel diff. = 0.0474453
[2018-04-10 21:43:02.153] [jointLog] [info] iteration = 500 | max rel diff. = 0.0256408
[2018-04-10 21:43:02.251] [jointLog] [info] iteration = 600 | max rel diff. = 0.0198795
[2018-04-10 21:43:02.343] [jointLog] [info] iteration = 700 | max rel diff. = 0.0165792
[2018-04-10 21:43:02.434] [jointLog] [info] iteration = 800 | max rel diff. = 0.0138373
[2018-04-10 21:43:02.525] [jointLog] [info] iteration = 900 | max rel diff. = 0.0122838
[2018-04-10 21:43:02.614] [jointLog] [info] iteration = 1000 | max rel diff. = 0.0120389
[2018-04-10 21:43:02.707] [jointLog] [info] iteration = 1100 | max rel diff. = 0.0115595
[2018-04-10 21:43:02.797] [jointLog] [info] iteration = 1200 | max rel diff. = 0.0115597
[2018-04-10 21:43:02.887] [jointLog] [info] iteration = 1300 | max rel diff. = 0.0115598
[2018-04-10 21:43:02.931] [jointLog] [info] iteration = 1348 | max rel diff. = 0.00898766
[2018-04-10 21:43:02.932] [jointLog] [info] Finished optimizer
[2018-04-10 21:43:02.932] [jointLog] [info] writing output 

[2018-04-10 21:43:02.990] [jointLog] [warning] NOTE: Read Lib [reads/DRR016136_1.fastq.gz, reads/DRR016136_2.fastq.gz] :

Greater than 5% of the fragments disagreed with the provided library type; check the file: quants/36_quant/lib_format_counts.json for details

