[2018-04-10 21:12:25.727] [jointLog] [info] parsing read library format
[2018-04-10 21:12:25.727] [jointLog] [info] There is 1 library.
[2018-04-10 21:12:48.496] [jointLog] [info] parsing read library format
[2018-04-10 21:12:48.496] [jointLog] [info] There is 1 library.
[2018-04-10 21:13:47.490] [jointLog] [info] parsing read library format
[2018-04-10 21:13:47.490] [jointLog] [info] There is 1 library.
[2018-04-10 21:37:53.450] [jointLog] [info] parsing read library format
[2018-04-10 21:37:53.450] [jointLog] [info] There is 1 library.
[2018-04-10 21:37:53.487] [jointLog] [info] Loading Quasi index
[2018-04-10 21:37:53.487] [jointLog] [info] Loading 32-bit quasi index
[2018-04-10 21:37:55.091] [jointLog] [info] done
[2018-04-10 21:37:55.091] [jointLog] [info] Index contained 48268 targets
[2018-04-10 21:37:55.381] [jointLog] [warning] Fragment GC bias correction is currently *experimental* in single-end libraries.  Please use this option with caution.
[2018-04-10 21:37:55.723] [jointLog] [info] Automatically detected most likely library type as SF
[2018-04-10 21:39:16.465] [fileLog] [info] 
At end of round 0
==================
Observed 31245862 total fragments (31245862 in most recent round)

[2018-04-10 21:39:16.464] [jointLog] [info] Computed 52970 rich equivalence classes for further processing
[2018-04-10 21:39:16.464] [jointLog] [info] Counted 25573209 total reads in the equivalence classes 
[2018-04-10 21:39:16.467] [jointLog] [info] Mapping rate = 81.8451%

[2018-04-10 21:39:16.467] [jointLog] [info] finished quantifyLibrary()
[2018-04-10 21:39:16.467] [jointLog] [info] Starting optimizer
[2018-04-10 21:39:16.485] [jointLog] [info] Marked 0 weighted equivalence classes as degenerate
[2018-04-10 21:39:16.486] [jointLog] [info] iteration = 0 | max rel diff. = 241.728
[2018-04-10 21:39:16.495] [jointLog] [info] iteration 11, adjusting effective lengths to account for biases
[2018-04-10 21:39:53.906] [jointLog] [info] Computed expected counts (for bias correction)
[2018-04-10 21:39:53.906] [jointLog] [info] processed bias for 0.0% of the transcripts
[2018-04-10 21:39:57.358] [jointLog] [info] processed bias for 10.0% of the transcripts
[2018-04-10 21:40:01.047] [jointLog] [info] processed bias for 20.0% of the transcripts
[2018-04-10 21:40:04.801] [jointLog] [info] processed bias for 30.0% of the transcripts
[2018-04-10 21:40:08.860] [jointLog] [info] processed bias for 40.0% of the transcripts
[2018-04-10 21:40:12.084] [jointLog] [info] processed bias for 50.0% of the transcripts
[2018-04-10 21:40:15.226] [jointLog] [info] processed bias for 60.0% of the transcripts
[2018-04-10 21:40:18.457] [jointLog] [info] processed bias for 70.0% of the transcripts
[2018-04-10 21:40:22.127] [jointLog] [info] processed bias for 80.0% of the transcripts
[2018-04-10 21:40:25.421] [jointLog] [info] processed bias for 100.0% of the transcripts
[2018-04-10 21:40:25.496] [jointLog] [info] iteration = 100 | max rel diff. = 0.12416
[2018-04-10 21:40:25.580] [jointLog] [info] iteration = 200 | max rel diff. = 0.0605548
[2018-04-10 21:40:25.669] [jointLog] [info] iteration = 300 | max rel diff. = 0.0371275
[2018-04-10 21:40:25.755] [jointLog] [info] iteration = 400 | max rel diff. = 0.0304441
[2018-04-10 21:40:25.841] [jointLog] [info] iteration = 500 | max rel diff. = 0.0264922
[2018-04-10 21:40:25.929] [jointLog] [info] iteration = 600 | max rel diff. = 0.0265047
[2018-04-10 21:40:26.016] [jointLog] [info] iteration = 700 | max rel diff. = 0.0167786
[2018-04-10 21:40:26.099] [jointLog] [info] iteration = 800 | max rel diff. = 0.0167788
[2018-04-10 21:40:26.185] [jointLog] [info] iteration = 900 | max rel diff. = 0.0131974
[2018-04-10 21:40:26.277] [jointLog] [info] iteration = 1000 | max rel diff. = 0.0110113
[2018-04-10 21:40:26.362] [jointLog] [info] iteration = 1100 | max rel diff. = 0.0104996
[2018-04-10 21:40:26.448] [jointLog] [info] iteration = 1200 | max rel diff. = 0.0102671
[2018-04-10 21:40:26.491] [jointLog] [info] iteration = 1247 | max rel diff. = 0.00874369
[2018-04-10 21:40:26.492] [jointLog] [info] Finished optimizer
[2018-04-10 21:40:26.492] [jointLog] [info] writing output 

[2018-04-10 21:40:26.547] [jointLog] [warning] NOTE: Read Lib [reads/DRR016135_1.fastq.gz, reads/DRR016135_2.fastq.gz] :

Greater than 5% of the fragments disagreed with the provided library type; check the file: quants/35_quant/lib_format_counts.json for details

