[2018-04-10 21:12:25.893] [jointLog] [info] parsing read library format
[2018-04-10 21:12:25.893] [jointLog] [info] There is 1 library.
[2018-04-10 21:12:48.655] [jointLog] [info] parsing read library format
[2018-04-10 21:12:48.655] [jointLog] [info] There is 1 library.
[2018-04-10 21:13:47.654] [jointLog] [info] parsing read library format
[2018-04-10 21:13:47.654] [jointLog] [info] There is 1 library.
[2018-04-10 21:43:03.512] [jointLog] [info] parsing read library format
[2018-04-10 21:43:03.512] [jointLog] [info] There is 1 library.
[2018-04-10 21:43:03.548] [jointLog] [info] Loading Quasi index
[2018-04-10 21:43:03.548] [jointLog] [info] Loading 32-bit quasi index
[2018-04-10 21:43:05.155] [jointLog] [info] done
[2018-04-10 21:43:05.155] [jointLog] [info] Index contained 48268 targets
[2018-04-10 21:43:05.445] [jointLog] [warning] Fragment GC bias correction is currently *experimental* in single-end libraries.  Please use this option with caution.
[2018-04-10 21:43:05.614] [jointLog] [info] Automatically detected most likely library type as SR
[2018-04-10 21:44:09.219] [jointLog] [info] Computed 50614 rich equivalence classes for further processing
[2018-04-10 21:44:09.219] [jointLog] [info] Counted 25555425 total reads in the equivalence classes 
[2018-04-10 21:44:09.222] [jointLog] [info] Mapping rate = 89.5915%

[2018-04-10 21:44:09.222] [jointLog] [info] finished quantifyLibrary()
[2018-04-10 21:44:09.222] [jointLog] [info] Starting optimizer
[2018-04-10 21:44:09.239] [jointLog] [info] Marked 0 weighted equivalence classes as degenerate
[2018-04-10 21:44:09.240] [jointLog] [info] iteration = 0 | max rel diff. = 243.544
[2018-04-10 21:44:09.248] [jointLog] [info] iteration 11, adjusting effective lengths to account for biases
[2018-04-10 21:44:09.219] [fileLog] [info] 
At end of round 0
==================
Observed 28524374 total fragments (28524374 in most recent round)

[2018-04-10 21:44:47.729] [jointLog] [info] Computed expected counts (for bias correction)
[2018-04-10 21:44:47.729] [jointLog] [info] processed bias for 0.0% of the transcripts
[2018-04-10 21:44:50.988] [jointLog] [info] processed bias for 10.0% of the transcripts
[2018-04-10 21:44:54.107] [jointLog] [info] processed bias for 20.0% of the transcripts
[2018-04-10 21:44:57.189] [jointLog] [info] processed bias for 30.0% of the transcripts
[2018-04-10 21:45:00.491] [jointLog] [info] processed bias for 40.0% of the transcripts
[2018-04-10 21:45:03.635] [jointLog] [info] processed bias for 50.0% of the transcripts
[2018-04-10 21:45:06.694] [jointLog] [info] processed bias for 60.0% of the transcripts
[2018-04-10 21:45:09.779] [jointLog] [info] processed bias for 70.0% of the transcripts
[2018-04-10 21:45:12.925] [jointLog] [info] processed bias for 80.0% of the transcripts
[2018-04-10 21:45:15.199] [jointLog] [info] processed bias for 100.0% of the transcripts
[2018-04-10 21:45:15.273] [jointLog] [info] iteration = 100 | max rel diff. = 0.114421
[2018-04-10 21:45:15.354] [jointLog] [info] iteration = 200 | max rel diff. = 0.0669788
[2018-04-10 21:45:15.440] [jointLog] [info] iteration = 300 | max rel diff. = 0.0414582
[2018-04-10 21:45:15.525] [jointLog] [info] iteration = 400 | max rel diff. = 0.0303776
[2018-04-10 21:45:15.607] [jointLog] [info] iteration = 500 | max rel diff. = 0.0301522
[2018-04-10 21:45:15.693] [jointLog] [info] iteration = 600 | max rel diff. = 0.0277755
[2018-04-10 21:45:15.777] [jointLog] [info] iteration = 700 | max rel diff. = 0.0213648
[2018-04-10 21:45:15.862] [jointLog] [info] iteration = 800 | max rel diff. = 0.0141789
[2018-04-10 21:45:15.945] [jointLog] [info] iteration = 900 | max rel diff. = 0.0126588
[2018-04-10 21:45:16.034] [jointLog] [info] iteration = 1000 | max rel diff. = 0.0120398
[2018-04-10 21:45:16.118] [jointLog] [info] iteration = 1100 | max rel diff. = 0.0120398
[2018-04-10 21:45:16.131] [jointLog] [info] iteration = 1117 | max rel diff. = 0.0097746
[2018-04-10 21:45:16.132] [jointLog] [info] Finished optimizer
[2018-04-10 21:45:16.132] [jointLog] [info] writing output 

[2018-04-10 21:45:16.188] [jointLog] [warning] NOTE: Read Lib [reads/DRR016137_1.fastq.gz, reads/DRR016137_2.fastq.gz] :

Greater than 5% of the fragments disagreed with the provided library type; check the file: quants/37_quant/lib_format_counts.json for details

