[2018-04-10 21:12:25.647] [jointLog] [info] parsing read library format
[2018-04-10 21:12:25.647] [jointLog] [info] There is 1 library.
[2018-04-10 21:12:48.416] [jointLog] [info] parsing read library format
[2018-04-10 21:12:48.416] [jointLog] [info] There is 1 library.
[2018-04-10 21:13:47.409] [jointLog] [info] parsing read library format
[2018-04-10 21:13:47.409] [jointLog] [info] There is 1 library.
[2018-04-10 21:35:53.062] [jointLog] [info] parsing read library format
[2018-04-10 21:35:53.062] [jointLog] [info] There is 1 library.
[2018-04-10 21:35:53.099] [jointLog] [info] Loading Quasi index
[2018-04-10 21:35:53.099] [jointLog] [info] Loading 32-bit quasi index
[2018-04-10 21:35:54.696] [jointLog] [info] done
[2018-04-10 21:35:54.696] [jointLog] [info] Index contained 48268 targets
[2018-04-10 21:35:54.987] [jointLog] [warning] Fragment GC bias correction is currently *experimental* in single-end libraries.  Please use this option with caution.
[2018-04-10 21:35:55.162] [jointLog] [info] Automatically detected most likely library type as SR
[2018-04-10 21:36:49.059] [fileLog] [info] 
At end of round 0
==================
Observed 24136312 total fragments (24136312 in most recent round)

[2018-04-10 21:36:49.058] [jointLog] [info] Computed 49930 rich equivalence classes for further processing
[2018-04-10 21:36:49.058] [jointLog] [info] Counted 21909113 total reads in the equivalence classes 
[2018-04-10 21:36:49.061] [jointLog] [info] Mapping rate = 90.7724%

[2018-04-10 21:36:49.061] [jointLog] [info] finished quantifyLibrary()
[2018-04-10 21:36:49.061] [jointLog] [info] Starting optimizer
[2018-04-10 21:36:49.079] [jointLog] [info] Marked 0 weighted equivalence classes as degenerate
[2018-04-10 21:36:49.079] [jointLog] [info] iteration = 0 | max rel diff. = 228.702
[2018-04-10 21:36:49.088] [jointLog] [info] iteration 11, adjusting effective lengths to account for biases
[2018-04-10 21:37:25.130] [jointLog] [info] Computed expected counts (for bias correction)
[2018-04-10 21:37:25.131] [jointLog] [info] processed bias for 0.0% of the transcripts
[2018-04-10 21:37:28.175] [jointLog] [info] processed bias for 10.0% of the transcripts
[2018-04-10 21:37:31.304] [jointLog] [info] processed bias for 20.0% of the transcripts
[2018-04-10 21:37:34.292] [jointLog] [info] processed bias for 30.0% of the transcripts
[2018-04-10 21:37:37.481] [jointLog] [info] processed bias for 40.0% of the transcripts
[2018-04-10 21:37:40.584] [jointLog] [info] processed bias for 50.0% of the transcripts
[2018-04-10 21:37:43.695] [jointLog] [info] processed bias for 60.0% of the transcripts
[2018-04-10 21:37:46.866] [jointLog] [info] processed bias for 70.0% of the transcripts
[2018-04-10 21:37:49.901] [jointLog] [info] processed bias for 80.0% of the transcripts
[2018-04-10 21:37:52.058] [jointLog] [info] processed bias for 100.0% of the transcripts
[2018-04-10 21:37:52.132] [jointLog] [info] iteration = 100 | max rel diff. = 0.11678
[2018-04-10 21:37:52.221] [jointLog] [info] iteration = 200 | max rel diff. = 0.0605803
[2018-04-10 21:37:52.303] [jointLog] [info] iteration = 300 | max rel diff. = 0.0393635
[2018-04-10 21:37:52.387] [jointLog] [info] iteration = 400 | max rel diff. = 0.0393668
[2018-04-10 21:37:52.477] [jointLog] [info] iteration = 500 | max rel diff. = 0.0245972
[2018-04-10 21:37:52.562] [jointLog] [info] iteration = 600 | max rel diff. = 0.0185802
[2018-04-10 21:37:52.646] [jointLog] [info] iteration = 700 | max rel diff. = 0.0167774
[2018-04-10 21:37:52.732] [jointLog] [info] iteration = 800 | max rel diff. = 0.0155635
[2018-04-10 21:37:52.819] [jointLog] [info] iteration = 900 | max rel diff. = 0.0125412
[2018-04-10 21:37:52.904] [jointLog] [info] iteration = 1000 | max rel diff. = 0.010914
[2018-04-10 21:37:52.989] [jointLog] [info] iteration = 1100 | max rel diff. = 0.0104856
[2018-04-10 21:37:53.074] [jointLog] [info] iteration = 1200 | max rel diff. = 0.0104684
[2018-04-10 21:37:53.079] [jointLog] [info] iteration = 1206 | max rel diff. = 0.00966374
[2018-04-10 21:37:53.080] [jointLog] [info] Finished optimizer
[2018-04-10 21:37:53.080] [jointLog] [info] writing output 

[2018-04-10 21:37:53.135] [jointLog] [warning] NOTE: Read Lib [reads/DRR016134_1.fastq.gz, reads/DRR016134_2.fastq.gz] :

Greater than 5% of the fragments disagreed with the provided library type; check the file: quants/34_quant/lib_format_counts.json for details

